Line 19: Class TabDlg.SSTab of control SSTab2 was not a loaded control class.
Line 51: Class RichTextLib.RichTextBox of control mmXMLEnvio was not a loaded control class.
Line 63: Class RichTextLib.RichTextBox of control mmXML was not a loaded control class.
Line 75: Class RichTextLib.RichTextBox of control mmJSON was not a loaded control class.
Line 87: Class RichTextLib.RichTextBox of control mmTipado was not a loaded control class.
Line 100: Class TabDlg.SSTab of control SSTab1 was not a loaded control class.
Line 140: Class MSComDlg.CommonDialog of control cdCarregarTX2 was not a loaded control class.
Line 25: The property name _ExtentX in SSTab2 is invalid.
Line 26: The property name _ExtentY in SSTab2 is invalid.
Line 27: The property name _Version in SSTab2 is invalid.
Line 28: The property name Tabs in SSTab2 is invalid.
Line 29: The property name TabHeight in SSTab2 is invalid.
Line 30: The property name TabCaption(0) in SSTab2 is invalid.
Line 31: The property name TabPicture(0) in SSTab2 is invalid.
Line 32: The property name Tab(0).ControlEnabled in SSTab2 is invalid.
Line 33: The property name Tab(0).Control(0) in SSTab2 is invalid.
Line 34: The property name Tab(0).Control(0).Enabled in SSTab2 is invalid.
Line 35: The property name Tab(0).ControlCount in SSTab2 is invalid.
Line 36: The property name TabCaption(1) in SSTab2 is invalid.
Line 37: The property name TabPicture(1) in SSTab2 is invalid.
Line 38: The property name Tab(1).ControlEnabled in SSTab2 is invalid.
Line 39: The property name Tab(1).Control(0) in SSTab2 is invalid.
Line 40: The property name Tab(1).ControlCount in SSTab2 is invalid.
Line 41: The property name TabCaption(2) in SSTab2 is invalid.
Line 42: The property name TabPicture(2) in SSTab2 is invalid.
Line 43: The property name Tab(2).ControlEnabled in SSTab2 is invalid.
Line 44: The property name Tab(2).Control(0) in SSTab2 is invalid.
Line 45: The property name Tab(2).ControlCount in SSTab2 is invalid.
Line 46: The property name TabCaption(3) in SSTab2 is invalid.
Line 47: The property name TabPicture(3) in SSTab2 is invalid.
Line 48: The property name Tab(3).ControlEnabled in SSTab2 is invalid.
Line 49: The property name Tab(3).Control(0) in SSTab2 is invalid.
Line 50: The property name Tab(3).ControlCount in SSTab2 is invalid.
Line 25: The property name _ExtentX in SSTab2 is invalid.
Line 26: The property name _ExtentY in SSTab2 is invalid.
Line 27: The property name _Version in SSTab2 is invalid.
Line 28: The property name Tabs in SSTab2 is invalid.
Line 29: The property name TabHeight in SSTab2 is invalid.
Line 30: The property name TabCaption(0) in SSTab2 is invalid.
Line 31: The property name TabPicture(0) in SSTab2 is invalid.
Line 32: The property name Tab(0).ControlEnabled in SSTab2 is invalid.
Line 33: The property name Tab(0).Control(0) in SSTab2 is invalid.
Line 34: The property name Tab(0).Control(0).Enabled in SSTab2 is invalid.
Line 35: The property name Tab(0).ControlCount in SSTab2 is invalid.
Line 36: The property name TabCaption(1) in SSTab2 is invalid.
Line 37: The property name TabPicture(1) in SSTab2 is invalid.
Line 38: The property name Tab(1).ControlEnabled in SSTab2 is invalid.
Line 39: The property name Tab(1).Control(0) in SSTab2 is invalid.
Line 40: The property name Tab(1).ControlCount in SSTab2 is invalid.
Line 41: The property name TabCaption(2) in SSTab2 is invalid.
Line 42: The property name TabPicture(2) in SSTab2 is invalid.
Line 43: The property name Tab(2).ControlEnabled in SSTab2 is invalid.
Line 44: The property name Tab(2).Control(0) in SSTab2 is invalid.
Line 45: The property name Tab(2).ControlCount in SSTab2 is invalid.
Line 46: The property name TabCaption(3) in SSTab2 is invalid.
Line 47: The property name TabPicture(3) in SSTab2 is invalid.
Line 48: The property name Tab(3).ControlEnabled in SSTab2 is invalid.
Line 49: The property name Tab(3).Control(0) in SSTab2 is invalid.
Line 50: The property name Tab(3).ControlCount in SSTab2 is invalid.
Line 106: The property name _ExtentX in SSTab1 is invalid.
Line 107: The property name _ExtentY in SSTab1 is invalid.
Line 108: The property name _Version in SSTab1 is invalid.
Line 109: The property name Tabs in SSTab1 is invalid.
Line 110: The property name Tab in SSTab1 is invalid.
Line 111: The property name TabsPerRow in SSTab1 is invalid.
Line 112: The property name TabHeight in SSTab1 is invalid.
Line 113: The property name TabCaption(0) in SSTab1 is invalid.
Line 114: The property name TabPicture(0) in SSTab1 is invalid.
Line 115: The property name Tab(0).ControlEnabled in SSTab1 is invalid.
Line 116: The property name Tab(0).Control(0) in SSTab1 is invalid.
Line 117: The property name Tab(0).Control(1) in SSTab1 is invalid.
Line 118: The property name Tab(0).Control(2) in SSTab1 is invalid.
Line 119: The property name Tab(0).Control(3) in SSTab1 is invalid.
Line 120: The property name Tab(0).Control(4) in SSTab1 is invalid.
Line 121: The property name Tab(0).Control(5) in SSTab1 is invalid.
Line 122: The property name Tab(0).Control(6) in SSTab1 is invalid.
Line 123: The property name Tab(0).ControlCount in SSTab1 is invalid.
Line 124: The property name TabCaption(1) in SSTab1 is invalid.
Line 125: The property name TabPicture(1) in SSTab1 is invalid.
Line 126: The property name Tab(1).ControlEnabled in SSTab1 is invalid.
Line 127: The property name Tab(1).Control(0) in SSTab1 is invalid.
Line 128: The property name Tab(1).Control(0).Enabled in SSTab1 is invalid.
Line 129: The property name Tab(1).ControlCount in SSTab1 is invalid.
Line 130: The property name TabCaption(2) in SSTab1 is invalid.
Line 131: The property name TabPicture(2) in SSTab1 is invalid.
Line 132: The property name Tab(2).ControlEnabled in SSTab1 is invalid.
Line 133: The property name Tab(2).Control(0) in SSTab1 is invalid.
Line 134: The property name Tab(2).ControlCount in SSTab1 is invalid.
Line 135: The property name TabCaption(3) in SSTab1 is invalid.
Line 136: The property name TabPicture(3) in SSTab1 is invalid.
Line 137: The property name Tab(3).ControlEnabled in SSTab1 is invalid.
Line 138: The property name Tab(3).Control(0) in SSTab1 is invalid.
Line 139: The property name Tab(3).ControlCount in SSTab1 is invalid.
Line 143: The property name _ExtentX in cdCarregarTX2 is invalid.
Line 144: The property name _ExtentY in cdCarregarTX2 is invalid.
Line 145: The property name _Version in cdCarregarTX2 is invalid.
